CRITICAL - 2025-02-24 02:38:02 --> CodeIgniter\Exceptions\BadMethodCallException: Call to undefined method App\Models\UserModel::cekLogin
[Method: POST, Route: auth/login]
in SYSTEMPATH\Model.php on line 930.
 1 APPPATH\Controllers\Auth.php(31): CodeIgniter\Model->__call('cekLogin', [...])
 2 SYSTEMPATH\CodeIgniter.php(933): App\Controllers\Auth->login()
 3 SYSTEMPATH\CodeIgniter.php(507): CodeIgniter\CodeIgniter->runController(Object(App\Controllers\Auth))
 4 SYSTEMPATH\CodeIgniter.php(354): CodeIgniter\CodeIgniter->handleRequest(null, Object(Config\Cache), false)
 5 SYSTEMPATH\Boot.php(334): CodeIgniter\CodeIgniter->run()
 6 SYSTEMPATH\Boot.php(67): CodeIgniter\Boot::runCodeIgniter(Object(CodeIgniter\CodeIgniter))
 7 FCPATH\index.php(56): CodeIgniter\Boot::bootWeb(Object(Config\Paths))
CRITICAL - 2025-02-24 02:40:59 --> CodeIgniter\Exceptions\BadMethodCallException: Call to undefined method App\Models\UserModel::cekLogin
[Method: POST, Route: auth/login]
in SYSTEMPATH\Model.php on line 930.
 1 APPPATH\Controllers\Auth.php(31): CodeIgniter\Model->__call('cekLogin', [...])
 2 SYSTEMPATH\CodeIgniter.php(933): App\Controllers\Auth->login()
 3 SYSTEMPATH\CodeIgniter.php(507): CodeIgniter\CodeIgniter->runController(Object(App\Controllers\Auth))
 4 SYSTEMPATH\CodeIgniter.php(354): CodeIgniter\CodeIgniter->handleRequest(null, Object(Config\Cache), false)
 5 SYSTEMPATH\Boot.php(334): CodeIgniter\CodeIgniter->run()
 6 SYSTEMPATH\Boot.php(67): CodeIgniter\Boot::runCodeIgniter(Object(CodeIgniter\CodeIgniter))
 7 FCPATH\index.php(56): CodeIgniter\Boot::bootWeb(Object(Config\Paths))
CRITICAL - 2025-02-24 02:41:18 --> CodeIgniter\Exceptions\BadMethodCallException: Call to undefined method App\Models\UserModel::cekLogin
[Method: POST, Route: auth/login]
in SYSTEMPATH\Model.php on line 930.
 1 APPPATH\Controllers\Auth.php(31): CodeIgniter\Model->__call('cekLogin', [...])
 2 SYSTEMPATH\CodeIgniter.php(933): App\Controllers\Auth->login()
 3 SYSTEMPATH\CodeIgniter.php(507): CodeIgniter\CodeIgniter->runController(Object(App\Controllers\Auth))
 4 SYSTEMPATH\CodeIgniter.php(354): CodeIgniter\CodeIgniter->handleRequest(null, Object(Config\Cache), false)
 5 SYSTEMPATH\Boot.php(334): CodeIgniter\CodeIgniter->run()
 6 SYSTEMPATH\Boot.php(67): CodeIgniter\Boot::runCodeIgniter(Object(CodeIgniter\CodeIgniter))
 7 FCPATH\index.php(56): CodeIgniter\Boot::bootWeb(Object(Config\Paths))
CRITICAL - 2025-02-24 02:42:43 --> ArgumentCountError: Too few arguments to function App\Models\UserModel::cekLogin(), 1 passed in C:\xampp\htdocs\itsupportpln\app\Controllers\Auth.php on line 31 and exactly 2 expected
[Method: POST, Route: auth/login]
in APPPATH\Models\UserModel.php on line 15.
 1 APPPATH\Controllers\Auth.php(31): App\Models\UserModel->cekLogin('kevin.nugraha')
 2 SYSTEMPATH\CodeIgniter.php(933): App\Controllers\Auth->login()
 3 SYSTEMPATH\CodeIgniter.php(507): CodeIgniter\CodeIgniter->runController(Object(App\Controllers\Auth))
 4 SYSTEMPATH\CodeIgniter.php(354): CodeIgniter\CodeIgniter->handleRequest(null, Object(Config\Cache), false)
 5 SYSTEMPATH\Boot.php(334): CodeIgniter\CodeIgniter->run()
 6 SYSTEMPATH\Boot.php(67): CodeIgniter\Boot::runCodeIgniter(Object(CodeIgniter\CodeIgniter))
 7 FCPATH\index.php(56): CodeIgniter\Boot::bootWeb(Object(Config\Paths))
CRITICAL - 2025-02-24 03:21:50 --> CodeIgniter\View\Exceptions\ViewException: Invalid file: "users/edit.php"
[Method: GET, Route: user/edit/Administrator]
in SYSTEMPATH\Exceptions\FrameworkException.php on line 39.
 1 SYSTEMPATH\View\View.php(212): CodeIgniter\Exceptions\FrameworkException::forInvalidFile('users/edit.php')
 2 SYSTEMPATH\Common.php(1173): CodeIgniter\View\View->render('users/edit', [], true)
 3 APPPATH\Controllers\User.php(84): view('users/edit', [...])
 4 SYSTEMPATH\CodeIgniter.php(933): App\Controllers\User->edit('Administrator')
 5 SYSTEMPATH\CodeIgniter.php(507): CodeIgniter\CodeIgniter->runController(Object(App\Controllers\User))
 6 SYSTEMPATH\CodeIgniter.php(354): CodeIgniter\CodeIgniter->handleRequest(null, Object(Config\Cache), false)
 7 SYSTEMPATH\Boot.php(334): CodeIgniter\CodeIgniter->run()
 8 SYSTEMPATH\Boot.php(67): CodeIgniter\Boot::runCodeIgniter(Object(CodeIgniter\CodeIgniter))
 9 FCPATH\index.php(56): CodeIgniter\Boot::bootWeb(Object(Config\Paths))
CRITICAL - 2025-02-24 03:42:36 --> CodeIgniter\Filters\Exceptions\FilterException: "sessions" filter must have a matching alias defined.
[Method: GET, Route: user]
in SYSTEMPATH\Filters\Filters.php on line 842.
 1 SYSTEMPATH\Filters\Filters.php(842): CodeIgniter\Filters\Exceptions\FilterException::forNoAlias('sessions')
 2 SYSTEMPATH\Filters\Filters.php(487): CodeIgniter\Filters\Filters->processAliasesToClass('before')
 3 SYSTEMPATH\Filters\Filters.php(218): CodeIgniter\Filters\Filters->initialize('user')
 4 SYSTEMPATH\CodeIgniter.php(479): CodeIgniter\Filters\Filters->run('user', 'before')
 5 SYSTEMPATH\CodeIgniter.php(354): CodeIgniter\CodeIgniter->handleRequest(null, Object(Config\Cache), false)
 6 SYSTEMPATH\Boot.php(334): CodeIgniter\CodeIgniter->run()
 7 SYSTEMPATH\Boot.php(67): CodeIgniter\Boot::runCodeIgniter(Object(CodeIgniter\CodeIgniter))
 8 FCPATH\index.php(56): CodeIgniter\Boot::bootWeb(Object(Config\Paths))
CRITICAL - 2025-02-24 04:04:02 --> ErrorException: Undefined variable $Username
[Method: POST, Route: auth/login]
in APPPATH\Controllers\Auth.php on line 31.
 1 APPPATH\Controllers\Auth.php(31): CodeIgniter\Debug\Exceptions->errorHandler(2, 'Undefined variable $Username', 'C:\\xampp\\htdocs\\itsupportpln\\app\\Controllers\\Auth.php', 31)
 2 SYSTEMPATH\CodeIgniter.php(933): App\Controllers\Auth->login()
 3 SYSTEMPATH\CodeIgniter.php(507): CodeIgniter\CodeIgniter->runController(Object(App\Controllers\Auth))
 4 SYSTEMPATH\CodeIgniter.php(354): CodeIgniter\CodeIgniter->handleRequest(null, Object(Config\Cache), false)
 5 SYSTEMPATH\Boot.php(334): CodeIgniter\CodeIgniter->run()
 6 SYSTEMPATH\Boot.php(67): CodeIgniter\Boot::runCodeIgniter(Object(CodeIgniter\CodeIgniter))
 7 FCPATH\index.php(56): CodeIgniter\Boot::bootWeb(Object(Config\Paths))
CRITICAL - 2025-02-24 06:03:29 --> CodeIgniter\View\Exceptions\ViewException: Invalid file: "dashboard/dashboard_views.php"
[Method: GET, Route: dashboard]
in SYSTEMPATH\Exceptions\FrameworkException.php on line 39.
 1 SYSTEMPATH\View\View.php(212): CodeIgniter\Exceptions\FrameworkException::forInvalidFile('dashboard/dashboard_views.php')
 2 SYSTEMPATH\Common.php(1173): CodeIgniter\View\View->render('dashboard/dashboard_views', [], true)
 3 APPPATH\Controllers\Dashboard.php(19): view('dashboard/dashboard_views')
 4 SYSTEMPATH\CodeIgniter.php(933): App\Controllers\Dashboard->index()
 5 SYSTEMPATH\CodeIgniter.php(507): CodeIgniter\CodeIgniter->runController(Object(App\Controllers\Dashboard))
 6 SYSTEMPATH\CodeIgniter.php(354): CodeIgniter\CodeIgniter->handleRequest(null, Object(Config\Cache), false)
 7 SYSTEMPATH\Boot.php(334): CodeIgniter\CodeIgniter->run()
 8 SYSTEMPATH\Boot.php(67): CodeIgniter\Boot::runCodeIgniter(Object(CodeIgniter\CodeIgniter))
 9 FCPATH\index.php(56): CodeIgniter\Boot::bootWeb(Object(Config\Paths))
CRITICAL - 2025-02-24 09:34:09 --> ErrorException: Allowed memory size of 536870912 bytes exhausted (tried to allocate 32768 bytes)
[Method: GET, Route: timsupport]
in APPPATH\Views\sidebar\sidebarUser.php on line 1.
 1 [internal function]: CodeIgniter\Debug\Exceptions->shutdownHandler()
ERROR - 2025-02-24 11:25:27 --> Email: sendWithSmtp throwed ErrorException: stream_socket_enable_crypto(): SSL operation failed with code 1. OpenSSL Error messages:
error:0A00010B:SSL routines::wrong version number in C:\xampp\htdocs\itsupportpln\system\Email\Email.php:1918
Stack trace:
#0 [internal function]: CodeIgniter\Debug\Exceptions->errorHandler(2, 'stream_socket_e...', 'C:\\xampp\\htdocs...', 1918)
#1 C:\xampp\htdocs\itsupportpln\system\Email\Email.php(1918): stream_socket_enable_crypto(Resource id #135, true, 121)
#2 C:\xampp\htdocs\itsupportpln\system\Email\Email.php(1811): CodeIgniter\Email\Email->SMTPConnect()
#3 C:\xampp\htdocs\itsupportpln\system\Email\Email.php(1696): CodeIgniter\Email\Email->sendWithSmtp()
#4 C:\xampp\htdocs\itsupportpln\system\Email\Email.php(1591): CodeIgniter\Email\Email->spoolEmail()
#5 C:\xampp\htdocs\itsupportpln\app\Controllers\User.php(103): CodeIgniter\Email\Email->send()
#6 C:\xampp\htdocs\itsupportpln\app\Controllers\User.php(77): App\Controllers\User->sendEmail('arroyyanfauzan4...', 'fauzan.arroyyan', 'Arroyyan1934')
#7 C:\xampp\htdocs\itsupportpln\system\CodeIgniter.php(933): App\Controllers\User->store()
#8 C:\xampp\htdocs\itsupportpln\system\CodeIgniter.php(507): CodeIgniter\CodeIgniter->runController(Object(App\Controllers\User))
#9 C:\xampp\htdocs\itsupportpln\system\CodeIgniter.php(354): CodeIgniter\CodeIgniter->handleRequest(NULL, Object(Config\Cache), false)
#10 C:\xampp\htdocs\itsupportpln\system\Boot.php(334): CodeIgniter\CodeIgniter->run()
#11 C:\xampp\htdocs\itsupportpln\system\Boot.php(67): CodeIgniter\Boot::runCodeIgniter(Object(CodeIgniter\CodeIgniter))
#12 C:\xampp\htdocs\itsupportpln\public\index.php(56): CodeIgniter\Boot::bootWeb(Object(Config\Paths))
#13 {main}
ERROR - 2025-02-24 11:25:27 --> Email: Unable to send email using SMTP. Your server might not be configured to send mail using this method.
ERROR - 2025-02-24 11:25:27 --> 220 smtp.gmail.com ESMTP d9443c01a7336-220d55850f5sm175246755ad.208 - gsmtp

hello: 250-smtp.gmail.com at your service, [202.57.31.154]
250-SIZE 26624000
250-8BITMIME
250-ENHANCEDSTATUSCODES
250-PIPELINING
250 SMTPUTF8

starttls: 503 TLS not available

The following SMTP error was encountered: 503 TLS not available

DEBUG - 2025-02-24 11:27:08 --> Session: Class initialized using 'CodeIgniter\Session\Handlers\FileHandler' driver.
DEBUG - 2025-02-24 11:27:20 --> Session: Class initialized using 'CodeIgniter\Session\Handlers\FileHandler' driver.
DEBUG - 2025-02-24 11:27:28 --> Session: Class initialized using 'CodeIgniter\Session\Handlers\FileHandler' driver.
ERROR - 2025-02-24 11:27:50 --> Email: sendWithSmtp throwed ErrorException: stream_socket_enable_crypto(): SSL operation failed with code 1. OpenSSL Error messages:
error:0A00010B:SSL routines::wrong version number in C:\xampp\htdocs\itsupportpln\system\Email\Email.php:1918
Stack trace:
#0 [internal function]: CodeIgniter\Debug\Exceptions->errorHandler(2, 'stream_socket_e...', 'C:\\xampp\\htdocs...', 1918)
#1 C:\xampp\htdocs\itsupportpln\system\Email\Email.php(1918): stream_socket_enable_crypto(Resource id #158, true, 121)
#2 C:\xampp\htdocs\itsupportpln\system\Email\Email.php(1811): CodeIgniter\Email\Email->SMTPConnect()
#3 C:\xampp\htdocs\itsupportpln\system\Email\Email.php(1696): CodeIgniter\Email\Email->sendWithSmtp()
#4 C:\xampp\htdocs\itsupportpln\system\Email\Email.php(1591): CodeIgniter\Email\Email->spoolEmail()
#5 C:\xampp\htdocs\itsupportpln\app\Controllers\User.php(103): CodeIgniter\Email\Email->send()
#6 C:\xampp\htdocs\itsupportpln\app\Controllers\User.php(77): App\Controllers\User->sendEmail('arroyyanfauzan4...', 'fauzan.arroyyan', 'Arroyyan1934')
#7 C:\xampp\htdocs\itsupportpln\system\CodeIgniter.php(933): App\Controllers\User->store()
#8 C:\xampp\htdocs\itsupportpln\system\CodeIgniter.php(507): CodeIgniter\CodeIgniter->runController(Object(App\Controllers\User))
#9 C:\xampp\htdocs\itsupportpln\system\CodeIgniter.php(354): CodeIgniter\CodeIgniter->handleRequest(NULL, Object(Config\Cache), false)
#10 C:\xampp\htdocs\itsupportpln\system\Boot.php(334): CodeIgniter\CodeIgniter->run()
#11 C:\xampp\htdocs\itsupportpln\system\Boot.php(67): CodeIgniter\Boot::runCodeIgniter(Object(CodeIgniter\CodeIgniter))
#12 C:\xampp\htdocs\itsupportpln\public\index.php(56): CodeIgniter\Boot::bootWeb(Object(Config\Paths))
#13 {main}
ERROR - 2025-02-24 11:27:50 --> Email: Unable to send email using SMTP. Your server might not be configured to send mail using this method.
ERROR - 2025-02-24 11:27:50 --> 220 smtp.gmail.com ESMTP 98e67ed59e1d1-2fceb07a3a0sm6298647a91.37 - gsmtp

hello: 250-smtp.gmail.com at your service, [202.57.31.154]
250-SIZE 26624000
250-8BITMIME
250-ENHANCEDSTATUSCODES
250-PIPELINING
250 SMTPUTF8

starttls: 503 TLS not available

The following SMTP error was encountered: 503 TLS not available

DEBUG - 2025-02-24 11:27:50 --> Session: Class initialized using 'CodeIgniter\Session\Handlers\FileHandler' driver.
DEBUG - 2025-02-24 11:27:50 --> Session: Class initialized using 'CodeIgniter\Session\Handlers\FileHandler' driver.
ERROR - 2025-02-24 11:32:48 --> Email: sendWithSmtp throwed ErrorException: stream_socket_enable_crypto(): SSL operation failed with code 1. OpenSSL Error messages:
error:0A00010B:SSL routines::wrong version number in C:\xampp\htdocs\itsupportpln\system\Email\Email.php:1918
Stack trace:
#0 [internal function]: CodeIgniter\Debug\Exceptions->errorHandler(2, 'stream_socket_e...', 'C:\\xampp\\htdocs...', 1918)
#1 C:\xampp\htdocs\itsupportpln\system\Email\Email.php(1918): stream_socket_enable_crypto(Resource id #135, true, 121)
#2 C:\xampp\htdocs\itsupportpln\system\Email\Email.php(1811): CodeIgniter\Email\Email->SMTPConnect()
#3 C:\xampp\htdocs\itsupportpln\system\Email\Email.php(1696): CodeIgniter\Email\Email->sendWithSmtp()
#4 C:\xampp\htdocs\itsupportpln\system\Email\Email.php(1591): CodeIgniter\Email\Email->spoolEmail()
#5 C:\xampp\htdocs\itsupportpln\app\Controllers\User.php(103): CodeIgniter\Email\Email->send()
#6 C:\xampp\htdocs\itsupportpln\app\Controllers\User.php(77): App\Controllers\User->sendEmail('arroyyanfauzan4...', 'fauzan.arroyyan', 'Arroyyan1934')
#7 C:\xampp\htdocs\itsupportpln\system\CodeIgniter.php(933): App\Controllers\User->store()
#8 C:\xampp\htdocs\itsupportpln\system\CodeIgniter.php(507): CodeIgniter\CodeIgniter->runController(Object(App\Controllers\User))
#9 C:\xampp\htdocs\itsupportpln\system\CodeIgniter.php(354): CodeIgniter\CodeIgniter->handleRequest(NULL, Object(Config\Cache), false)
#10 C:\xampp\htdocs\itsupportpln\system\Boot.php(334): CodeIgniter\CodeIgniter->run()
#11 C:\xampp\htdocs\itsupportpln\system\Boot.php(67): CodeIgniter\Boot::runCodeIgniter(Object(CodeIgniter\CodeIgniter))
#12 C:\xampp\htdocs\itsupportpln\public\index.php(56): CodeIgniter\Boot::bootWeb(Object(Config\Paths))
#13 {main}
ERROR - 2025-02-24 11:32:48 --> Email: Unable to send email using SMTP. Your server might not be configured to send mail using this method.
ERROR - 2025-02-24 11:32:48 --> 220 smtp.gmail.com ESMTP d2e1a72fcca58-7324fb3a761sm19137316b3a.178 - gsmtp

hello: 250-smtp.gmail.com at your service, [202.57.31.154]
250-SIZE 26624000
250-8BITMIME
250-ENHANCEDSTATUSCODES
250-PIPELINING
250 SMTPUTF8

starttls: 503 TLS not available

The following SMTP error was encountered: 503 TLS not available

ERROR - 2025-02-24 11:34:48 --> Email: sendWithSmtp throwed ErrorException: stream_socket_enable_crypto(): SSL operation failed with code 1. OpenSSL Error messages:
error:0A00010B:SSL routines::wrong version number in C:\xampp\htdocs\itsupportpln\system\Email\Email.php:1918
Stack trace:
#0 [internal function]: CodeIgniter\Debug\Exceptions->errorHandler(2, 'stream_socket_e...', 'C:\\xampp\\htdocs...', 1918)
#1 C:\xampp\htdocs\itsupportpln\system\Email\Email.php(1918): stream_socket_enable_crypto(Resource id #135, true, 121)
#2 C:\xampp\htdocs\itsupportpln\system\Email\Email.php(1811): CodeIgniter\Email\Email->SMTPConnect()
#3 C:\xampp\htdocs\itsupportpln\system\Email\Email.php(1696): CodeIgniter\Email\Email->sendWithSmtp()
#4 C:\xampp\htdocs\itsupportpln\system\Email\Email.php(1591): CodeIgniter\Email\Email->spoolEmail()
#5 C:\xampp\htdocs\itsupportpln\app\Controllers\User.php(103): CodeIgniter\Email\Email->send()
#6 C:\xampp\htdocs\itsupportpln\app\Controllers\User.php(77): App\Controllers\User->sendEmail('arroyyanfauzan4...', 'fauzan.arroyyan', 'Arroyyan1934')
#7 C:\xampp\htdocs\itsupportpln\system\CodeIgniter.php(933): App\Controllers\User->store()
#8 C:\xampp\htdocs\itsupportpln\system\CodeIgniter.php(507): CodeIgniter\CodeIgniter->runController(Object(App\Controllers\User))
#9 C:\xampp\htdocs\itsupportpln\system\CodeIgniter.php(354): CodeIgniter\CodeIgniter->handleRequest(NULL, Object(Config\Cache), false)
#10 C:\xampp\htdocs\itsupportpln\system\Boot.php(334): CodeIgniter\CodeIgniter->run()
#11 C:\xampp\htdocs\itsupportpln\system\Boot.php(67): CodeIgniter\Boot::runCodeIgniter(Object(CodeIgniter\CodeIgniter))
#12 C:\xampp\htdocs\itsupportpln\public\index.php(56): CodeIgniter\Boot::bootWeb(Object(Config\Paths))
#13 {main}
ERROR - 2025-02-24 11:34:48 --> Email: Unable to send email using SMTP. Your server might not be configured to send mail using this method.
ERROR - 2025-02-24 11:34:48 --> 220 smtp.gmail.com ESMTP d2e1a72fcca58-7326973705fsm16395655b3a.7 - gsmtp

hello: 250-smtp.gmail.com at your service, [202.57.31.154]
250-SIZE 26624000
250-8BITMIME
250-ENHANCEDSTATUSCODES
250-PIPELINING
250 SMTPUTF8

starttls: 503 TLS not available

The following SMTP error was encountered: 503 TLS not available

ERROR - 2025-02-24 11:39:02 --> Email: sendWithSmtp throwed ErrorException: stream_socket_enable_crypto(): SSL: An established connection was aborted by the software in your host machine in C:\xampp\htdocs\itsupportpln\system\Email\Email.php:1918
Stack trace:
#0 [internal function]: CodeIgniter\Debug\Exceptions->errorHandler(2, 'stream_socket_e...', 'C:\\xampp\\htdocs...', 1918)
#1 C:\xampp\htdocs\itsupportpln\system\Email\Email.php(1918): stream_socket_enable_crypto(Resource id #135, true, 121)
#2 C:\xampp\htdocs\itsupportpln\system\Email\Email.php(1811): CodeIgniter\Email\Email->SMTPConnect()
#3 C:\xampp\htdocs\itsupportpln\system\Email\Email.php(1696): CodeIgniter\Email\Email->sendWithSmtp()
#4 C:\xampp\htdocs\itsupportpln\system\Email\Email.php(1591): CodeIgniter\Email\Email->spoolEmail()
#5 C:\xampp\htdocs\itsupportpln\app\Controllers\User.php(103): CodeIgniter\Email\Email->send()
#6 C:\xampp\htdocs\itsupportpln\app\Controllers\User.php(77): App\Controllers\User->sendEmail('arroyyanfauzan4...', 'fauzan.arroyyan', 'Arroyyan1934')
#7 C:\xampp\htdocs\itsupportpln\system\CodeIgniter.php(933): App\Controllers\User->store()
#8 C:\xampp\htdocs\itsupportpln\system\CodeIgniter.php(507): CodeIgniter\CodeIgniter->runController(Object(App\Controllers\User))
#9 C:\xampp\htdocs\itsupportpln\system\CodeIgniter.php(354): CodeIgniter\CodeIgniter->handleRequest(NULL, Object(Config\Cache), false)
#10 C:\xampp\htdocs\itsupportpln\system\Boot.php(334): CodeIgniter\CodeIgniter->run()
#11 C:\xampp\htdocs\itsupportpln\system\Boot.php(67): CodeIgniter\Boot::runCodeIgniter(Object(CodeIgniter\CodeIgniter))
#12 C:\xampp\htdocs\itsupportpln\public\index.php(56): CodeIgniter\Boot::bootWeb(Object(Config\Paths))
#13 {main}
ERROR - 2025-02-24 11:39:02 --> Email: Unable to send email using SMTP. Your server might not be configured to send mail using this method.
ERROR - 2025-02-24 11:39:02 --> 421 service not available (connection to blocklisted host (172.217.194.109 - DNSBL))

hello: 
The following SMTP error was encountered: 
starttls: 
The following SMTP error was encountered: 
ERROR - 2025-02-24 11:39:02 --> Email: sendWithSmtp throwed ErrorException: fwrite(): Send of 6 bytes failed with errno=10053 An established connection was aborted by the software in your host machine in C:\xampp\htdocs\itsupportpln\system\Email\Email.php:2077
Stack trace:
#0 [internal function]: CodeIgniter\Debug\Exceptions->errorHandler(8, 'fwrite(): Send ...', 'C:\\xampp\\htdocs...', 2077)
#1 C:\xampp\htdocs\itsupportpln\system\Email\Email.php(2077): fwrite(Resource id #135, 'QUIT\r\n')
#2 C:\xampp\htdocs\itsupportpln\system\Email\Email.php(1986): CodeIgniter\Email\Email->sendData('QUIT\r\n')
#3 C:\xampp\htdocs\itsupportpln\system\Email\Email.php(2221): CodeIgniter\Email\Email->sendCommand('quit')
#4 [internal function]: CodeIgniter\Email\Email->__destruct()
#5 {main}
ERROR - 2025-02-24 14:27:22 --> Email: Unable to send email using SMTP. Your server might not be configured to send mail using this method.
ERROR - 2025-02-24 14:27:22 --> 220 smtp.gmail.com ESMTP d2e1a72fcca58-7340751558dsm9872413b3a.162 - gsmtp

hello: 250-smtp.gmail.com at your service, [112.215.45.99]
250-SIZE 35882577
250-8BITMIME
250-STARTTLS
250-ENHANCEDSTATUSCODES
250-PIPELINING
250-CHUNKING
250 SMTPUTF8

starttls: 220 2.0.0 Ready to start TLS

hello: 250-smtp.gmail.com at your service, [112.215.45.99]
250-SIZE 35882577
250-8BITMIME
250-AUTH LOGIN PLAIN XOAUTH2 PLAIN-CLIENTTOKEN OAUTHBEARER XOAUTH
250-ENHANCEDSTATUSCODES
250-PIPELINING
250-CHUNKING
250 SMTPUTF8

Failed to authenticate password. Error: 535-5.7.8 Username and Password not accepted. For more information, go to
535 5.7.8  https://support.google.com/mail/?p=BadCredentials d2e1a72fcca58-7340751558dsm9872413b3a.162 - gsmtp

