ERROR - 2025-02-25 02:27:22 --> Error connecting to the database: mysqli_sql_exception: No connection could be made because the target machine actively refused it in C:\xampp\htdocs\itsupportpln\system\Database\MySQLi\Connection.php:201
Stack trace:
#0 C:\xampp\htdocs\itsupportpln\system\Database\MySQLi\Connection.php(201): mysqli->real_connect('localhost', 'root', Object(SensitiveParameterValue), 'dashboard', 3306, '', 0)
#1 C:\xampp\htdocs\itsupportpln\system\Database\BaseConnection.php(421): CodeIgniter\Database\MySQLi\Connection->connect(false)
#2 C:\xampp\htdocs\itsupportpln\system\Database\BaseConnection.php(620): CodeIgniter\Database\BaseConnection->initialize()
#3 C:\xampp\htdocs\itsupportpln\system\Database\BaseBuilder.php(1649): CodeIgniter\Database\BaseConnection->query('SELECT *\nFROM `...', Array, false)
#4 C:\xampp\htdocs\itsupportpln\system\Model.php(330): CodeIgniter\Database\BaseBuilder->get()
#5 C:\xampp\htdocs\itsupportpln\system\BaseModel.php(713): CodeIgniter\Model->doFirst()
#6 C:\xampp\htdocs\itsupportpln\app\Controllers\Auth.php(29): CodeIgniter\BaseModel->first()
#7 C:\xampp\htdocs\itsupportpln\system\CodeIgniter.php(933): App\Controllers\Auth->login()
#8 C:\xampp\htdocs\itsupportpln\system\CodeIgniter.php(507): CodeIgniter\CodeIgniter->runController(Object(App\Controllers\Auth))
#9 C:\xampp\htdocs\itsupportpln\system\CodeIgniter.php(354): CodeIgniter\CodeIgniter->handleRequest(NULL, Object(Config\Cache), false)
#10 C:\xampp\htdocs\itsupportpln\system\Boot.php(334): CodeIgniter\CodeIgniter->run()
#11 C:\xampp\htdocs\itsupportpln\system\Boot.php(67): CodeIgniter\Boot::runCodeIgniter(Object(CodeIgniter\CodeIgniter))
#12 C:\xampp\htdocs\itsupportpln\public\index.php(56): CodeIgniter\Boot::bootWeb(Object(Config\Paths))
#13 {main}

Next CodeIgniter\Database\Exceptions\DatabaseException: No connection could be made because the target machine actively refused it in C:\xampp\htdocs\itsupportpln\system\Database\MySQLi\Connection.php:246
Stack trace:
#0 C:\xampp\htdocs\itsupportpln\system\Database\BaseConnection.php(421): CodeIgniter\Database\MySQLi\Connection->connect(false)
#1 C:\xampp\htdocs\itsupportpln\system\Database\BaseConnection.php(620): CodeIgniter\Database\BaseConnection->initialize()
#2 C:\xampp\htdocs\itsupportpln\system\Database\BaseBuilder.php(1649): CodeIgniter\Database\BaseConnection->query('SELECT *\nFROM `...', Array, false)
#3 C:\xampp\htdocs\itsupportpln\system\Model.php(330): CodeIgniter\Database\BaseBuilder->get()
#4 C:\xampp\htdocs\itsupportpln\system\BaseModel.php(713): CodeIgniter\Model->doFirst()
#5 C:\xampp\htdocs\itsupportpln\app\Controllers\Auth.php(29): CodeIgniter\BaseModel->first()
#6 C:\xampp\htdocs\itsupportpln\system\CodeIgniter.php(933): App\Controllers\Auth->login()
#7 C:\xampp\htdocs\itsupportpln\system\CodeIgniter.php(507): CodeIgniter\CodeIgniter->runController(Object(App\Controllers\Auth))
#8 C:\xampp\htdocs\itsupportpln\system\CodeIgniter.php(354): CodeIgniter\CodeIgniter->handleRequest(NULL, Object(Config\Cache), false)
#9 C:\xampp\htdocs\itsupportpln\system\Boot.php(334): CodeIgniter\CodeIgniter->run()
#10 C:\xampp\htdocs\itsupportpln\system\Boot.php(67): CodeIgniter\Boot::runCodeIgniter(Object(CodeIgniter\CodeIgniter))
#11 C:\xampp\htdocs\itsupportpln\public\index.php(56): CodeIgniter\Boot::bootWeb(Object(Config\Paths))
#12 {main}
CRITICAL - 2025-02-25 02:27:22 --> CodeIgniter\Database\Exceptions\DatabaseException: Unable to connect to the database.
Main connection [MySQLi]: No connection could be made because the target machine actively refused it
[Method: POST, Route: auth/login]
in SYSTEMPATH\Database\BaseConnection.php on line 467.
 1 SYSTEMPATH\Database\BaseConnection.php(620): CodeIgniter\Database\BaseConnection->initialize()
 2 SYSTEMPATH\Database\BaseBuilder.php(1649): CodeIgniter\Database\BaseConnection->query('SELECT *
FROM `tb_dashboard`
WHERE `Username` = :Username:
AND `tb_dashboard`.`deleted_at` IS NULL
 LIMIT 1', [...], false)
 3 SYSTEMPATH\Model.php(330): CodeIgniter\Database\BaseBuilder->get()
 4 SYSTEMPATH\BaseModel.php(713): CodeIgniter\Model->doFirst()
 5 APPPATH\Controllers\Auth.php(29): CodeIgniter\BaseModel->first()
 6 SYSTEMPATH\CodeIgniter.php(933): App\Controllers\Auth->login()
 7 SYSTEMPATH\CodeIgniter.php(507): CodeIgniter\CodeIgniter->runController(Object(App\Controllers\Auth))
 8 SYSTEMPATH\CodeIgniter.php(354): CodeIgniter\CodeIgniter->handleRequest(null, Object(Config\Cache), false)
 9 SYSTEMPATH\Boot.php(334): CodeIgniter\CodeIgniter->run()
10 SYSTEMPATH\Boot.php(67): CodeIgniter\Boot::runCodeIgniter(Object(CodeIgniter\CodeIgniter))
11 FCPATH\index.php(56): CodeIgniter\Boot::bootWeb(Object(Config\Paths))
ERROR - 2025-02-25 02:28:39 --> mysqli_sql_exception: Duplicate entry 'ajeng.puspitaloka' for key 'PRIMARY' in C:\xampp\htdocs\itsupportpln\system\Database\MySQLi\Connection.php:327
Stack trace:
#0 C:\xampp\htdocs\itsupportpln\system\Database\MySQLi\Connection.php(327): mysqli->query('INSERT INTO `tb...', 0)
#1 C:\xampp\htdocs\itsupportpln\system\Database\BaseConnection.php(738): CodeIgniter\Database\MySQLi\Connection->execute('INSERT INTO `tb...')
#2 C:\xampp\htdocs\itsupportpln\system\Database\BaseConnection.php(652): CodeIgniter\Database\BaseConnection->simpleQuery('INSERT INTO `tb...')
#3 C:\xampp\htdocs\itsupportpln\system\Database\BaseBuilder.php(2345): CodeIgniter\Database\BaseConnection->query('INSERT INTO `tb...', Array, false)
#4 C:\xampp\htdocs\itsupportpln\system\Model.php(394): CodeIgniter\Database\BaseBuilder->insert()
#5 C:\xampp\htdocs\itsupportpln\system\BaseModel.php(839): CodeIgniter\Model->doInsert(Array)
#6 C:\xampp\htdocs\itsupportpln\system\Model.php(800): CodeIgniter\BaseModel->insert(Array, true)
#7 C:\xampp\htdocs\itsupportpln\app\Controllers\User.php(63): CodeIgniter\Model->insert(Array)
#8 C:\xampp\htdocs\itsupportpln\system\CodeIgniter.php(933): App\Controllers\User->store()
#9 C:\xampp\htdocs\itsupportpln\system\CodeIgniter.php(507): CodeIgniter\CodeIgniter->runController(Object(App\Controllers\User))
#10 C:\xampp\htdocs\itsupportpln\system\CodeIgniter.php(354): CodeIgniter\CodeIgniter->handleRequest(NULL, Object(Config\Cache), false)
#11 C:\xampp\htdocs\itsupportpln\system\Boot.php(334): CodeIgniter\CodeIgniter->run()
#12 C:\xampp\htdocs\itsupportpln\system\Boot.php(67): CodeIgniter\Boot::runCodeIgniter(Object(CodeIgniter\CodeIgniter))
#13 C:\xampp\htdocs\itsupportpln\public\index.php(56): CodeIgniter\Boot::bootWeb(Object(Config\Paths))
#14 {main}
ERROR - 2025-02-25 02:28:43 --> Email: sendWithSmtp throwed ErrorException: stream_socket_enable_crypto(): SSL operation failed with code 1. OpenSSL Error messages:
error:0A00010B:SSL routines::wrong version number in C:\xampp\htdocs\itsupportpln\system\Email\Email.php:1918
Stack trace:
#0 [internal function]: CodeIgniter\Debug\Exceptions->errorHandler(2, 'stream_socket_e...', 'C:\\xampp\\htdocs...', 1918)
#1 C:\xampp\htdocs\itsupportpln\system\Email\Email.php(1918): stream_socket_enable_crypto(Resource id #135, true, 121)
#2 C:\xampp\htdocs\itsupportpln\system\Email\Email.php(1811): CodeIgniter\Email\Email->SMTPConnect()
#3 C:\xampp\htdocs\itsupportpln\system\Email\Email.php(1696): CodeIgniter\Email\Email->sendWithSmtp()
#4 C:\xampp\htdocs\itsupportpln\system\Email\Email.php(1591): CodeIgniter\Email\Email->spoolEmail()
#5 C:\xampp\htdocs\itsupportpln\app\Controllers\User.php(103): CodeIgniter\Email\Email->send()
#6 C:\xampp\htdocs\itsupportpln\app\Controllers\User.php(77): App\Controllers\User->sendEmail('ajengpuspitalok...', 'ajeng.puspitalo...', 'Ajeng123')
#7 C:\xampp\htdocs\itsupportpln\system\CodeIgniter.php(933): App\Controllers\User->store()
#8 C:\xampp\htdocs\itsupportpln\system\CodeIgniter.php(507): CodeIgniter\CodeIgniter->runController(Object(App\Controllers\User))
#9 C:\xampp\htdocs\itsupportpln\system\CodeIgniter.php(354): CodeIgniter\CodeIgniter->handleRequest(NULL, Object(Config\Cache), false)
#10 C:\xampp\htdocs\itsupportpln\system\Boot.php(334): CodeIgniter\CodeIgniter->run()
#11 C:\xampp\htdocs\itsupportpln\system\Boot.php(67): CodeIgniter\Boot::runCodeIgniter(Object(CodeIgniter\CodeIgniter))
#12 C:\xampp\htdocs\itsupportpln\public\index.php(56): CodeIgniter\Boot::bootWeb(Object(Config\Paths))
#13 {main}
ERROR - 2025-02-25 02:28:43 --> Email: Unable to send email using SMTP. Your server might not be configured to send mail using this method.
ERROR - 2025-02-25 02:28:43 --> 220 smtp.gmail.com ESMTP d9443c01a7336-2230a0ad8f8sm3021565ad.212 - gsmtp

hello: 250-smtp.gmail.com at your service, [202.57.31.154]
250-SIZE 26624000
250-8BITMIME
250-ENHANCEDSTATUSCODES
250-PIPELINING
250 SMTPUTF8

starttls: 503 TLS not available

The following SMTP error was encountered: 503 TLS not available

ERROR - 2025-02-25 02:30:54 --> Email: sendWithSmtp throwed ErrorException: stream_socket_enable_crypto(): SSL operation failed with code 1. OpenSSL Error messages:
error:0A00010B:SSL routines::wrong version number in C:\xampp\htdocs\itsupportpln\system\Email\Email.php:1918
Stack trace:
#0 [internal function]: CodeIgniter\Debug\Exceptions->errorHandler(2, 'stream_socket_e...', 'C:\\xampp\\htdocs...', 1918)
#1 C:\xampp\htdocs\itsupportpln\system\Email\Email.php(1918): stream_socket_enable_crypto(Resource id #135, true, 121)
#2 C:\xampp\htdocs\itsupportpln\system\Email\Email.php(1811): CodeIgniter\Email\Email->SMTPConnect()
#3 C:\xampp\htdocs\itsupportpln\system\Email\Email.php(1696): CodeIgniter\Email\Email->sendWithSmtp()
#4 C:\xampp\htdocs\itsupportpln\system\Email\Email.php(1591): CodeIgniter\Email\Email->spoolEmail()
#5 C:\xampp\htdocs\itsupportpln\app\Controllers\User.php(103): CodeIgniter\Email\Email->send()
#6 C:\xampp\htdocs\itsupportpln\app\Controllers\User.php(77): App\Controllers\User->sendEmail('ajengpuspitalok...', 'ajeng.puspitalo...', 'Ajeng123')
#7 C:\xampp\htdocs\itsupportpln\system\CodeIgniter.php(933): App\Controllers\User->store()
#8 C:\xampp\htdocs\itsupportpln\system\CodeIgniter.php(507): CodeIgniter\CodeIgniter->runController(Object(App\Controllers\User))
#9 C:\xampp\htdocs\itsupportpln\system\CodeIgniter.php(354): CodeIgniter\CodeIgniter->handleRequest(NULL, Object(Config\Cache), false)
#10 C:\xampp\htdocs\itsupportpln\system\Boot.php(334): CodeIgniter\CodeIgniter->run()
#11 C:\xampp\htdocs\itsupportpln\system\Boot.php(67): CodeIgniter\Boot::runCodeIgniter(Object(CodeIgniter\CodeIgniter))
#12 C:\xampp\htdocs\itsupportpln\public\index.php(56): CodeIgniter\Boot::bootWeb(Object(Config\Paths))
#13 {main}
ERROR - 2025-02-25 02:30:54 --> Email: Unable to send email using SMTP. Your server might not be configured to send mail using this method.
ERROR - 2025-02-25 02:30:54 --> 220 smtp.gmail.com ESMTP d9443c01a7336-2230a00ab6bsm3131585ad.58 - gsmtp

hello: 250-smtp.gmail.com at your service, [202.57.31.154]
250-SIZE 26624000
250-8BITMIME
250-ENHANCEDSTATUSCODES
250-PIPELINING
250 SMTPUTF8

starttls: 503 TLS not available

The following SMTP error was encountered: 503 TLS not available

ERROR - 2025-02-25 02:36:46 --> Email: sendWithSmtp throwed ErrorException: stream_socket_enable_crypto(): SSL/TLS already set-up for this stream in C:\xampp\htdocs\itsupportpln\system\Email\Email.php:1918
Stack trace:
#0 [internal function]: CodeIgniter\Debug\Exceptions->errorHandler(2, 'stream_socket_e...', 'C:\\xampp\\htdocs...', 1918)
#1 C:\xampp\htdocs\itsupportpln\system\Email\Email.php(1918): stream_socket_enable_crypto(Resource id #135, true, 121)
#2 C:\xampp\htdocs\itsupportpln\system\Email\Email.php(1811): CodeIgniter\Email\Email->SMTPConnect()
#3 C:\xampp\htdocs\itsupportpln\system\Email\Email.php(1696): CodeIgniter\Email\Email->sendWithSmtp()
#4 C:\xampp\htdocs\itsupportpln\system\Email\Email.php(1591): CodeIgniter\Email\Email->spoolEmail()
#5 C:\xampp\htdocs\itsupportpln\app\Controllers\User.php(103): CodeIgniter\Email\Email->send()
#6 C:\xampp\htdocs\itsupportpln\app\Controllers\User.php(77): App\Controllers\User->sendEmail('ajengpuspitalok...', 'ajeng.puspitalo...', 'Ajeng1243')
#7 C:\xampp\htdocs\itsupportpln\system\CodeIgniter.php(933): App\Controllers\User->store()
#8 C:\xampp\htdocs\itsupportpln\system\CodeIgniter.php(507): CodeIgniter\CodeIgniter->runController(Object(App\Controllers\User))
#9 C:\xampp\htdocs\itsupportpln\system\CodeIgniter.php(354): CodeIgniter\CodeIgniter->handleRequest(NULL, Object(Config\Cache), false)
#10 C:\xampp\htdocs\itsupportpln\system\Boot.php(334): CodeIgniter\CodeIgniter->run()
#11 C:\xampp\htdocs\itsupportpln\system\Boot.php(67): CodeIgniter\Boot::runCodeIgniter(Object(CodeIgniter\CodeIgniter))
#12 C:\xampp\htdocs\itsupportpln\public\index.php(56): CodeIgniter\Boot::bootWeb(Object(Config\Paths))
#13 {main}
ERROR - 2025-02-25 02:36:46 --> Email: Unable to send email using SMTP. Your server might not be configured to send mail using this method.
ERROR - 2025-02-25 02:36:46 --> 220 smtp.gmail.com ESMTP 98e67ed59e1d1-2fceb04c697sm7471853a91.19 - gsmtp

hello: 250-smtp.gmail.com at your service, [202.57.31.154]
250-SIZE 35882577
250-8BITMIME
250-AUTH LOGIN PLAIN XOAUTH2 PLAIN-CLIENTTOKEN OAUTHBEARER XOAUTH
250-ENHANCEDSTATUSCODES
250-PIPELINING
250-CHUNKING
250 SMTPUTF8

starttls: 530-5.7.0 Authentication Required. For more information, go to
530 5.7.0  https://support.google.com/mail/?p=WantAuthError 98e67ed59e1d1-2fceb04c697sm7471853a91.19 - gsmtp

The following SMTP error was encountered: 530-5.7.0 Authentication Required. For more information, go to
530 5.7.0  https://support.google.com/mail/?p=WantAuthError 98e67ed59e1d1-2fceb04c697sm7471853a91.19 - gsmtp

ERROR - 2025-02-25 02:39:40 --> Email: sendWithSmtp throwed ErrorException: stream_socket_enable_crypto(): SSL/TLS already set-up for this stream in C:\xampp\htdocs\itsupportpln\system\Email\Email.php:1918
Stack trace:
#0 [internal function]: CodeIgniter\Debug\Exceptions->errorHandler(2, 'stream_socket_e...', 'C:\\xampp\\htdocs...', 1918)
#1 C:\xampp\htdocs\itsupportpln\system\Email\Email.php(1918): stream_socket_enable_crypto(Resource id #135, true, 121)
#2 C:\xampp\htdocs\itsupportpln\system\Email\Email.php(1811): CodeIgniter\Email\Email->SMTPConnect()
#3 C:\xampp\htdocs\itsupportpln\system\Email\Email.php(1696): CodeIgniter\Email\Email->sendWithSmtp()
#4 C:\xampp\htdocs\itsupportpln\system\Email\Email.php(1591): CodeIgniter\Email\Email->spoolEmail()
#5 C:\xampp\htdocs\itsupportpln\app\Controllers\User.php(103): CodeIgniter\Email\Email->send()
#6 C:\xampp\htdocs\itsupportpln\app\Controllers\User.php(77): App\Controllers\User->sendEmail('ajengpuspitalok...', 'ajeng.puspitalo...', 'Arroyyan1934')
#7 C:\xampp\htdocs\itsupportpln\system\CodeIgniter.php(933): App\Controllers\User->store()
#8 C:\xampp\htdocs\itsupportpln\system\CodeIgniter.php(507): CodeIgniter\CodeIgniter->runController(Object(App\Controllers\User))
#9 C:\xampp\htdocs\itsupportpln\system\CodeIgniter.php(354): CodeIgniter\CodeIgniter->handleRequest(NULL, Object(Config\Cache), false)
#10 C:\xampp\htdocs\itsupportpln\system\Boot.php(334): CodeIgniter\CodeIgniter->run()
#11 C:\xampp\htdocs\itsupportpln\system\Boot.php(67): CodeIgniter\Boot::runCodeIgniter(Object(CodeIgniter\CodeIgniter))
#12 C:\xampp\htdocs\itsupportpln\public\index.php(56): CodeIgniter\Boot::bootWeb(Object(Config\Paths))
#13 {main}
ERROR - 2025-02-25 02:39:40 --> Email: Unable to send email using SMTP. Your server might not be configured to send mail using this method.
ERROR - 2025-02-25 02:39:40 --> 220 smtp.gmail.com ESMTP 98e67ed59e1d1-2fceb10fad0sm7416296a91.31 - gsmtp

hello: 250-smtp.gmail.com at your service, [202.57.31.154]
250-SIZE 35882577
250-8BITMIME
250-AUTH LOGIN PLAIN XOAUTH2 PLAIN-CLIENTTOKEN OAUTHBEARER XOAUTH
250-ENHANCEDSTATUSCODES
250-PIPELINING
250-CHUNKING
250 SMTPUTF8

starttls: 530-5.7.0 Authentication Required. For more information, go to
530 5.7.0  https://support.google.com/mail/?p=WantAuthError 98e67ed59e1d1-2fceb10fad0sm7416296a91.31 - gsmtp

The following SMTP error was encountered: 530-5.7.0 Authentication Required. For more information, go to
530 5.7.0  https://support.google.com/mail/?p=WantAuthError 98e67ed59e1d1-2fceb10fad0sm7416296a91.31 - gsmtp

ERROR - 2025-02-25 02:43:13 --> Email: sendWithSmtp throwed ErrorException: stream_socket_enable_crypto(): SSL operation failed with code 1. OpenSSL Error messages:
error:0A00010B:SSL routines::wrong version number in C:\xampp\htdocs\itsupportpln\system\Email\Email.php:1918
Stack trace:
#0 [internal function]: CodeIgniter\Debug\Exceptions->errorHandler(2, 'stream_socket_e...', 'C:\\xampp\\htdocs...', 1918)
#1 C:\xampp\htdocs\itsupportpln\system\Email\Email.php(1918): stream_socket_enable_crypto(Resource id #135, true, 121)
#2 C:\xampp\htdocs\itsupportpln\system\Email\Email.php(1811): CodeIgniter\Email\Email->SMTPConnect()
#3 C:\xampp\htdocs\itsupportpln\system\Email\Email.php(1696): CodeIgniter\Email\Email->sendWithSmtp()
#4 C:\xampp\htdocs\itsupportpln\system\Email\Email.php(1591): CodeIgniter\Email\Email->spoolEmail()
#5 C:\xampp\htdocs\itsupportpln\app\Controllers\User.php(103): CodeIgniter\Email\Email->send()
#6 C:\xampp\htdocs\itsupportpln\app\Controllers\User.php(77): App\Controllers\User->sendEmail('ajengpuspitalok...', 'ajeng.puspitalo...', 'Ajeng123')
#7 C:\xampp\htdocs\itsupportpln\system\CodeIgniter.php(933): App\Controllers\User->store()
#8 C:\xampp\htdocs\itsupportpln\system\CodeIgniter.php(507): CodeIgniter\CodeIgniter->runController(Object(App\Controllers\User))
#9 C:\xampp\htdocs\itsupportpln\system\CodeIgniter.php(354): CodeIgniter\CodeIgniter->handleRequest(NULL, Object(Config\Cache), false)
#10 C:\xampp\htdocs\itsupportpln\system\Boot.php(334): CodeIgniter\CodeIgniter->run()
#11 C:\xampp\htdocs\itsupportpln\system\Boot.php(67): CodeIgniter\Boot::runCodeIgniter(Object(CodeIgniter\CodeIgniter))
#12 C:\xampp\htdocs\itsupportpln\public\index.php(56): CodeIgniter\Boot::bootWeb(Object(Config\Paths))
#13 {main}
ERROR - 2025-02-25 02:43:13 --> Email: Unable to send email using SMTP. Your server might not be configured to send mail using this method.
ERROR - 2025-02-25 02:43:13 --> 220 smtp.gmail.com ESMTP d9443c01a7336-2230a0ad864sm3114955ad.211 - gsmtp

hello: 250-smtp.gmail.com at your service, [202.57.31.154]
250-SIZE 26624000
250-8BITMIME
250-ENHANCEDSTATUSCODES
250-PIPELINING
250 SMTPUTF8

starttls: 503 TLS not available

The following SMTP error was encountered: 503 TLS not available

CRITICAL - 2025-02-25 03:16:10 --> CodeIgniter\View\Exceptions\ViewException: Invalid file: "map_support.php"
[Method: GET, Route: map_support]
in SYSTEMPATH\Exceptions\FrameworkException.php on line 39.
 1 SYSTEMPATH\View\View.php(212): CodeIgniter\Exceptions\FrameworkException::forInvalidFile('map_support.php')
 2 SYSTEMPATH\Common.php(1173): CodeIgniter\View\View->render('map_support', [], true)
 3 APPPATH\Controllers\MapSupport.php(33): view('map_support', [...])
 4 SYSTEMPATH\CodeIgniter.php(933): App\Controllers\MapSupport->index()
 5 SYSTEMPATH\CodeIgniter.php(507): CodeIgniter\CodeIgniter->runController(Object(App\Controllers\MapSupport))
 6 SYSTEMPATH\CodeIgniter.php(354): CodeIgniter\CodeIgniter->handleRequest(null, Object(Config\Cache), false)
 7 SYSTEMPATH\Boot.php(334): CodeIgniter\CodeIgniter->run()
 8 SYSTEMPATH\Boot.php(67): CodeIgniter\Boot::runCodeIgniter(Object(CodeIgniter\CodeIgniter))
 9 FCPATH\index.php(56): CodeIgniter\Boot::bootWeb(Object(Config\Paths))
CRITICAL - 2025-02-25 03:16:14 --> CodeIgniter\View\Exceptions\ViewException: Invalid file: "map_support.php"
[Method: GET, Route: map_support]
in SYSTEMPATH\Exceptions\FrameworkException.php on line 39.
 1 SYSTEMPATH\View\View.php(212): CodeIgniter\Exceptions\FrameworkException::forInvalidFile('map_support.php')
 2 SYSTEMPATH\Common.php(1173): CodeIgniter\View\View->render('map_support', [], true)
 3 APPPATH\Controllers\MapSupport.php(33): view('map_support', [...])
 4 SYSTEMPATH\CodeIgniter.php(933): App\Controllers\MapSupport->index()
 5 SYSTEMPATH\CodeIgniter.php(507): CodeIgniter\CodeIgniter->runController(Object(App\Controllers\MapSupport))
 6 SYSTEMPATH\CodeIgniter.php(354): CodeIgniter\CodeIgniter->handleRequest(null, Object(Config\Cache), false)
 7 SYSTEMPATH\Boot.php(334): CodeIgniter\CodeIgniter->run()
 8 SYSTEMPATH\Boot.php(67): CodeIgniter\Boot::runCodeIgniter(Object(CodeIgniter\CodeIgniter))
 9 FCPATH\index.php(56): CodeIgniter\Boot::bootWeb(Object(Config\Paths))
