CRITICAL - 2025-02-26 07:38:10 --> CodeIgniter\Exceptions\BadMethodCallException: Call to undefined method App\Models\TimSupportModel::getTimSupportByWilayah
[Method: GET, Route: map_support]
in SYSTEMPATH\Model.php on line 930.
 1 APPPATH\Controllers\MapSupport.php(30): CodeIgniter\Model->__call('getTimSupportByWilayah', [...])
 2 SYSTEMPATH\CodeIgniter.php(933): App\Controllers\MapSupport->index()
 3 SYSTEMPATH\CodeIgniter.php(507): CodeIgniter\CodeIgniter->runController(Object(App\Controllers\MapSupport))
 4 SYSTEMPATH\CodeIgniter.php(354): CodeIgniter\CodeIgniter->handleRequest(null, Object(Config\Cache), false)
 5 SYSTEMPATH\Boot.php(334): CodeIgniter\CodeIgniter->run()
 6 SYSTEMPATH\Boot.php(67): CodeIgniter\Boot::runCodeIgniter(Object(CodeIgniter\CodeIgniter))
 7 FCPATH\index.php(56): CodeIgniter\Boot::bootWeb(Object(Config\Paths))
CRITICAL - 2025-02-26 07:38:13 --> CodeIgniter\View\Exceptions\ViewException: Invalid file: "timsupport.php"
[Method: GET, Route: timsupport]
in SYSTEMPATH\Exceptions\FrameworkException.php on line 39.
 1 SYSTEMPATH\View\View.php(212): CodeIgniter\Exceptions\FrameworkException::forInvalidFile('timsupport.php')
 2 SYSTEMPATH\Common.php(1173): CodeIgniter\View\View->render('timsupport', [], true)
 3 APPPATH\Controllers\Timsupport.php(17): view('timsupport', [...])
 4 SYSTEMPATH\CodeIgniter.php(933): App\Controllers\Timsupport->index()
 5 SYSTEMPATH\CodeIgniter.php(507): CodeIgniter\CodeIgniter->runController(Object(App\Controllers\Timsupport))
 6 SYSTEMPATH\CodeIgniter.php(354): CodeIgniter\CodeIgniter->handleRequest(null, Object(Config\Cache), false)
 7 SYSTEMPATH\Boot.php(334): CodeIgniter\CodeIgniter->run()
 8 SYSTEMPATH\Boot.php(67): CodeIgniter\Boot::runCodeIgniter(Object(CodeIgniter\CodeIgniter))
 9 FCPATH\index.php(56): CodeIgniter\Boot::bootWeb(Object(Config\Paths))
CRITICAL - 2025-02-26 07:38:15 --> CodeIgniter\View\Exceptions\ViewException: Invalid file: "timsupport.php"
[Method: GET, Route: timsupport]
in SYSTEMPATH\Exceptions\FrameworkException.php on line 39.
 1 SYSTEMPATH\View\View.php(212): CodeIgniter\Exceptions\FrameworkException::forInvalidFile('timsupport.php')
 2 SYSTEMPATH\Common.php(1173): CodeIgniter\View\View->render('timsupport', [], true)
 3 APPPATH\Controllers\Timsupport.php(17): view('timsupport', [...])
 4 SYSTEMPATH\CodeIgniter.php(933): App\Controllers\Timsupport->index()
 5 SYSTEMPATH\CodeIgniter.php(507): CodeIgniter\CodeIgniter->runController(Object(App\Controllers\Timsupport))
 6 SYSTEMPATH\CodeIgniter.php(354): CodeIgniter\CodeIgniter->handleRequest(null, Object(Config\Cache), false)
 7 SYSTEMPATH\Boot.php(334): CodeIgniter\CodeIgniter->run()
 8 SYSTEMPATH\Boot.php(67): CodeIgniter\Boot::runCodeIgniter(Object(CodeIgniter\CodeIgniter))
 9 FCPATH\index.php(56): CodeIgniter\Boot::bootWeb(Object(Config\Paths))
CRITICAL - 2025-02-26 07:38:34 --> CodeIgniter\View\Exceptions\ViewException: Invalid file: "index.php"
[Method: GET, Route: timsupport]
in SYSTEMPATH\Exceptions\FrameworkException.php on line 39.
 1 SYSTEMPATH\View\View.php(212): CodeIgniter\Exceptions\FrameworkException::forInvalidFile('index.php')
 2 SYSTEMPATH\Common.php(1173): CodeIgniter\View\View->render('index', [], true)
 3 APPPATH\Controllers\Timsupport.php(17): view('index', [...])
 4 SYSTEMPATH\CodeIgniter.php(933): App\Controllers\Timsupport->index()
 5 SYSTEMPATH\CodeIgniter.php(507): CodeIgniter\CodeIgniter->runController(Object(App\Controllers\Timsupport))
 6 SYSTEMPATH\CodeIgniter.php(354): CodeIgniter\CodeIgniter->handleRequest(null, Object(Config\Cache), false)
 7 SYSTEMPATH\Boot.php(334): CodeIgniter\CodeIgniter->run()
 8 SYSTEMPATH\Boot.php(67): CodeIgniter\Boot::runCodeIgniter(Object(CodeIgniter\CodeIgniter))
 9 FCPATH\index.php(56): CodeIgniter\Boot::bootWeb(Object(Config\Paths))
CRITICAL - 2025-02-26 07:38:34 --> CodeIgniter\View\Exceptions\ViewException: Invalid file: "index.php"
[Method: GET, Route: timsupport]
in SYSTEMPATH\Exceptions\FrameworkException.php on line 39.
 1 SYSTEMPATH\View\View.php(212): CodeIgniter\Exceptions\FrameworkException::forInvalidFile('index.php')
 2 SYSTEMPATH\Common.php(1173): CodeIgniter\View\View->render('index', [], true)
 3 APPPATH\Controllers\Timsupport.php(17): view('index', [...])
 4 SYSTEMPATH\CodeIgniter.php(933): App\Controllers\Timsupport->index()
 5 SYSTEMPATH\CodeIgniter.php(507): CodeIgniter\CodeIgniter->runController(Object(App\Controllers\Timsupport))
 6 SYSTEMPATH\CodeIgniter.php(354): CodeIgniter\CodeIgniter->handleRequest(null, Object(Config\Cache), false)
 7 SYSTEMPATH\Boot.php(334): CodeIgniter\CodeIgniter->run()
 8 SYSTEMPATH\Boot.php(67): CodeIgniter\Boot::runCodeIgniter(Object(CodeIgniter\CodeIgniter))
 9 FCPATH\index.php(56): CodeIgniter\Boot::bootWeb(Object(Config\Paths))
CRITICAL - 2025-02-26 07:38:34 --> CodeIgniter\View\Exceptions\ViewException: Invalid file: "index.php"
[Method: GET, Route: timsupport]
in SYSTEMPATH\Exceptions\FrameworkException.php on line 39.
 1 SYSTEMPATH\View\View.php(212): CodeIgniter\Exceptions\FrameworkException::forInvalidFile('index.php')
 2 SYSTEMPATH\Common.php(1173): CodeIgniter\View\View->render('index', [], true)
 3 APPPATH\Controllers\Timsupport.php(17): view('index', [...])
 4 SYSTEMPATH\CodeIgniter.php(933): App\Controllers\Timsupport->index()
 5 SYSTEMPATH\CodeIgniter.php(507): CodeIgniter\CodeIgniter->runController(Object(App\Controllers\Timsupport))
 6 SYSTEMPATH\CodeIgniter.php(354): CodeIgniter\CodeIgniter->handleRequest(null, Object(Config\Cache), false)
 7 SYSTEMPATH\Boot.php(334): CodeIgniter\CodeIgniter->run()
 8 SYSTEMPATH\Boot.php(67): CodeIgniter\Boot::runCodeIgniter(Object(CodeIgniter\CodeIgniter))
 9 FCPATH\index.php(56): CodeIgniter\Boot::bootWeb(Object(Config\Paths))
CRITICAL - 2025-02-26 07:38:38 --> CodeIgniter\View\Exceptions\ViewException: Invalid file: "index.php"
[Method: GET, Route: timsupport]
in SYSTEMPATH\Exceptions\FrameworkException.php on line 39.
 1 SYSTEMPATH\View\View.php(212): CodeIgniter\Exceptions\FrameworkException::forInvalidFile('index.php')
 2 SYSTEMPATH\Common.php(1173): CodeIgniter\View\View->render('index', [], true)
 3 APPPATH\Controllers\Timsupport.php(17): view('index', [...])
 4 SYSTEMPATH\CodeIgniter.php(933): App\Controllers\Timsupport->index()
 5 SYSTEMPATH\CodeIgniter.php(507): CodeIgniter\CodeIgniter->runController(Object(App\Controllers\Timsupport))
 6 SYSTEMPATH\CodeIgniter.php(354): CodeIgniter\CodeIgniter->handleRequest(null, Object(Config\Cache), false)
 7 SYSTEMPATH\Boot.php(334): CodeIgniter\CodeIgniter->run()
 8 SYSTEMPATH\Boot.php(67): CodeIgniter\Boot::runCodeIgniter(Object(CodeIgniter\CodeIgniter))
 9 FCPATH\index.php(56): CodeIgniter\Boot::bootWeb(Object(Config\Paths))
CRITICAL - 2025-02-26 07:39:03 --> CodeIgniter\Exceptions\BadMethodCallException: Call to undefined method App\Models\TimSupportModel::getTimSupportByWilayah
[Method: GET, Route: map_support]
in SYSTEMPATH\Model.php on line 930.
 1 APPPATH\Controllers\MapSupport.php(30): CodeIgniter\Model->__call('getTimSupportByWilayah', [...])
 2 SYSTEMPATH\CodeIgniter.php(933): App\Controllers\MapSupport->index()
 3 SYSTEMPATH\CodeIgniter.php(507): CodeIgniter\CodeIgniter->runController(Object(App\Controllers\MapSupport))
 4 SYSTEMPATH\CodeIgniter.php(354): CodeIgniter\CodeIgniter->handleRequest(null, Object(Config\Cache), false)
 5 SYSTEMPATH\Boot.php(334): CodeIgniter\CodeIgniter->run()
 6 SYSTEMPATH\Boot.php(67): CodeIgniter\Boot::runCodeIgniter(Object(CodeIgniter\CodeIgniter))
 7 FCPATH\index.php(56): CodeIgniter\Boot::bootWeb(Object(Config\Paths))
CRITICAL - 2025-02-26 07:44:24 --> CodeIgniter\Exceptions\BadMethodCallException: Call to undefined method App\Models\TimSupportModel::getTimSupportByWilayah
[Method: GET, Route: map_support]
in SYSTEMPATH\Model.php on line 930.
 1 APPPATH\Controllers\MapSupport.php(30): CodeIgniter\Model->__call('getTimSupportByWilayah', [...])
 2 SYSTEMPATH\CodeIgniter.php(933): App\Controllers\MapSupport->index()
 3 SYSTEMPATH\CodeIgniter.php(507): CodeIgniter\CodeIgniter->runController(Object(App\Controllers\MapSupport))
 4 SYSTEMPATH\CodeIgniter.php(354): CodeIgniter\CodeIgniter->handleRequest(null, Object(Config\Cache), false)
 5 SYSTEMPATH\Boot.php(334): CodeIgniter\CodeIgniter->run()
 6 SYSTEMPATH\Boot.php(67): CodeIgniter\Boot::runCodeIgniter(Object(CodeIgniter\CodeIgniter))
 7 FCPATH\index.php(56): CodeIgniter\Boot::bootWeb(Object(Config\Paths))
CRITICAL - 2025-02-26 07:44:33 --> CodeIgniter\Exceptions\BadMethodCallException: Call to undefined method App\Models\TimSupportModel::getTimSupportByWilayah
[Method: GET, Route: map_support]
in SYSTEMPATH\Model.php on line 930.
 1 APPPATH\Controllers\MapSupport.php(30): CodeIgniter\Model->__call('getTimSupportByWilayah', [...])
 2 SYSTEMPATH\CodeIgniter.php(933): App\Controllers\MapSupport->index()
 3 SYSTEMPATH\CodeIgniter.php(507): CodeIgniter\CodeIgniter->runController(Object(App\Controllers\MapSupport))
 4 SYSTEMPATH\CodeIgniter.php(354): CodeIgniter\CodeIgniter->handleRequest(null, Object(Config\Cache), false)
 5 SYSTEMPATH\Boot.php(334): CodeIgniter\CodeIgniter->run()
 6 SYSTEMPATH\Boot.php(67): CodeIgniter\Boot::runCodeIgniter(Object(CodeIgniter\CodeIgniter))
 7 FCPATH\index.php(56): CodeIgniter\Boot::bootWeb(Object(Config\Paths))
CRITICAL - 2025-02-26 07:49:02 --> CodeIgniter\View\Exceptions\ViewException: Invalid file: "timsupport/mapsupport.php"
[Method: GET, Route: map_support]
in SYSTEMPATH\Exceptions\FrameworkException.php on line 39.
 1 SYSTEMPATH\View\View.php(212): CodeIgniter\Exceptions\FrameworkException::forInvalidFile('timsupport/mapsupport.php')
 2 SYSTEMPATH\Common.php(1173): CodeIgniter\View\View->render('timsupport/mapsupport', [], true)
 3 APPPATH\Controllers\MapSupport.php(35): view('timsupport/mapsupport', [...])
 4 SYSTEMPATH\CodeIgniter.php(933): App\Controllers\MapSupport->index()
 5 SYSTEMPATH\CodeIgniter.php(507): CodeIgniter\CodeIgniter->runController(Object(App\Controllers\MapSupport))
 6 SYSTEMPATH\CodeIgniter.php(354): CodeIgniter\CodeIgniter->handleRequest(null, Object(Config\Cache), false)
 7 SYSTEMPATH\Boot.php(334): CodeIgniter\CodeIgniter->run()
 8 SYSTEMPATH\Boot.php(67): CodeIgniter\Boot::runCodeIgniter(Object(CodeIgniter\CodeIgniter))
 9 FCPATH\index.php(56): CodeIgniter\Boot::bootWeb(Object(Config\Paths))
CRITICAL - 2025-02-26 07:50:38 --> CodeIgniter\View\Exceptions\ViewException: Invalid file: "timsupport/mapsupport.php"
[Method: GET, Route: mapsupport]
in SYSTEMPATH\Exceptions\FrameworkException.php on line 39.
 1 SYSTEMPATH\View\View.php(212): CodeIgniter\Exceptions\FrameworkException::forInvalidFile('timsupport/mapsupport.php')
 2 SYSTEMPATH\Common.php(1173): CodeIgniter\View\View->render('timsupport/mapsupport', [], true)
 3 APPPATH\Controllers\MapSupport.php(35): view('timsupport/mapsupport', [...])
 4 SYSTEMPATH\CodeIgniter.php(933): App\Controllers\MapSupport->index()
 5 SYSTEMPATH\CodeIgniter.php(507): CodeIgniter\CodeIgniter->runController(Object(App\Controllers\MapSupport))
 6 SYSTEMPATH\CodeIgniter.php(354): CodeIgniter\CodeIgniter->handleRequest(null, Object(Config\Cache), false)
 7 SYSTEMPATH\Boot.php(334): CodeIgniter\CodeIgniter->run()
 8 SYSTEMPATH\Boot.php(67): CodeIgniter\Boot::runCodeIgniter(Object(CodeIgniter\CodeIgniter))
 9 FCPATH\index.php(56): CodeIgniter\Boot::bootWeb(Object(Config\Paths))
CRITICAL - 2025-02-26 07:50:45 --> CodeIgniter\View\Exceptions\ViewException: Invalid file: "timsupport/mapsupport.php"
[Method: GET, Route: mapsupport]
in SYSTEMPATH\Exceptions\FrameworkException.php on line 39.
 1 SYSTEMPATH\View\View.php(212): CodeIgniter\Exceptions\FrameworkException::forInvalidFile('timsupport/mapsupport.php')
 2 SYSTEMPATH\Common.php(1173): CodeIgniter\View\View->render('timsupport/mapsupport', [], true)
 3 APPPATH\Controllers\MapSupport.php(35): view('timsupport/mapsupport', [...])
 4 SYSTEMPATH\CodeIgniter.php(933): App\Controllers\MapSupport->index()
 5 SYSTEMPATH\CodeIgniter.php(507): CodeIgniter\CodeIgniter->runController(Object(App\Controllers\MapSupport))
 6 SYSTEMPATH\CodeIgniter.php(354): CodeIgniter\CodeIgniter->handleRequest(null, Object(Config\Cache), false)
 7 SYSTEMPATH\Boot.php(334): CodeIgniter\CodeIgniter->run()
 8 SYSTEMPATH\Boot.php(67): CodeIgniter\Boot::runCodeIgniter(Object(CodeIgniter\CodeIgniter))
 9 FCPATH\index.php(56): CodeIgniter\Boot::bootWeb(Object(Config\Paths))
CRITICAL - 2025-02-26 07:52:27 --> ErrorException: Undefined variable $timsupport
[Method: GET, Route: mapsupport]
in APPPATH\Views\timsupport\index.php on line 428.
 1 APPPATH\Views\timsupport\index.php(428): CodeIgniter\Debug\Exceptions->errorHandler(2, 'Undefined variable $timsupport', 'C:\\xampp\\htdocs\\itsupportpln\\app\\Views\\timsupport\\index.php', 428)
 2 SYSTEMPATH\View\View.php(224): include('C:\\xampp\\htdocs\\itsupportpln\\app\\Views\\timsupport\\index.php')
 3 SYSTEMPATH\View\View.php(227): CodeIgniter\View\View->CodeIgniter\View\{closure}()
 4 SYSTEMPATH\Common.php(1173): CodeIgniter\View\View->render('timsupport/index', [], true)
 5 APPPATH\Controllers\MapSupport.php(35): view('timsupport/index', [...])
 6 SYSTEMPATH\CodeIgniter.php(933): App\Controllers\MapSupport->index()
 7 SYSTEMPATH\CodeIgniter.php(507): CodeIgniter\CodeIgniter->runController(Object(App\Controllers\MapSupport))
 8 SYSTEMPATH\CodeIgniter.php(354): CodeIgniter\CodeIgniter->handleRequest(null, Object(Config\Cache), false)
 9 SYSTEMPATH\Boot.php(334): CodeIgniter\CodeIgniter->run()
10 SYSTEMPATH\Boot.php(67): CodeIgniter\Boot::runCodeIgniter(Object(CodeIgniter\CodeIgniter))
11 FCPATH\index.php(56): CodeIgniter\Boot::bootWeb(Object(Config\Paths))
CRITICAL - 2025-02-26 08:00:52 --> CodeIgniter\View\Exceptions\ViewException: Invalid file: "timsupport/map_support.php"
[Method: GET, Route: mapsupport]
in SYSTEMPATH\Exceptions\FrameworkException.php on line 39.
 1 SYSTEMPATH\View\View.php(212): CodeIgniter\Exceptions\FrameworkException::forInvalidFile('timsupport/map_support.php')
 2 SYSTEMPATH\Common.php(1173): CodeIgniter\View\View->render('timsupport/map_support', [], true)
 3 APPPATH\Controllers\MapSupport.php(35): view('timsupport/map_support', [...])
 4 SYSTEMPATH\CodeIgniter.php(933): App\Controllers\MapSupport->index()
 5 SYSTEMPATH\CodeIgniter.php(507): CodeIgniter\CodeIgniter->runController(Object(App\Controllers\MapSupport))
 6 SYSTEMPATH\CodeIgniter.php(354): CodeIgniter\CodeIgniter->handleRequest(null, Object(Config\Cache), false)
 7 SYSTEMPATH\Boot.php(334): CodeIgniter\CodeIgniter->run()
 8 SYSTEMPATH\Boot.php(67): CodeIgniter\Boot::runCodeIgniter(Object(CodeIgniter\CodeIgniter))
 9 FCPATH\index.php(56): CodeIgniter\Boot::bootWeb(Object(Config\Paths))
