ERROR - 2025-05-07 09:11:19 --> Email: sendWithSmtp throwed ErrorException: stream_socket_enable_crypto(): SSL operation failed with code 1. OpenSSL Error messages:
error:0A00010B:SSL routines::wrong version number in C:\xampp\htdocs\itsupportpln\system\Email\Email.php:1918
Stack trace:
#0 [internal function]: CodeIgniter\Debug\Exceptions->errorHandler(2, 'stream_socket_e...', 'C:\\xampp\\htdocs...', 1918)
#1 C:\xampp\htdocs\itsupportpln\system\Email\Email.php(1918): stream_socket_enable_crypto(Resource id #135, true, 121)
#2 C:\xampp\htdocs\itsupportpln\system\Email\Email.php(1811): CodeIgniter\Email\Email->SMTPConnect()
#3 C:\xampp\htdocs\itsupportpln\system\Email\Email.php(1696): CodeIgniter\Email\Email->sendWithSmtp()
#4 C:\xampp\htdocs\itsupportpln\system\Email\Email.php(1591): CodeIgniter\Email\Email->spoolEmail()
#5 C:\xampp\htdocs\itsupportpln\app\Controllers\User.php(103): CodeIgniter\Email\Email->send()
#6 C:\xampp\htdocs\itsupportpln\app\Controllers\User.php(77): App\Controllers\User->sendEmail('almuzafar9@gmai...', 'admin', 'admin123')
#7 C:\xampp\htdocs\itsupportpln\system\CodeIgniter.php(933): App\Controllers\User->store()
#8 C:\xampp\htdocs\itsupportpln\system\CodeIgniter.php(507): CodeIgniter\CodeIgniter->runController(Object(App\Controllers\User))
#9 C:\xampp\htdocs\itsupportpln\system\CodeIgniter.php(354): CodeIgniter\CodeIgniter->handleRequest(NULL, Object(Config\Cache), false)
#10 C:\xampp\htdocs\itsupportpln\system\Boot.php(334): CodeIgniter\CodeIgniter->run()
#11 C:\xampp\htdocs\itsupportpln\system\Boot.php(67): CodeIgniter\Boot::runCodeIgniter(Object(CodeIgniter\CodeIgniter))
#12 C:\xampp\htdocs\itsupportpln\public\index.php(56): CodeIgniter\Boot::bootWeb(Object(Config\Paths))
#13 {main}
ERROR - 2025-05-07 09:11:19 --> Email: Unable to send email using SMTP. Your server might not be configured to send mail using this method.
ERROR - 2025-05-07 09:11:19 --> 220 smtp.gmail.com ESMTP 98e67ed59e1d1-30aaec2c272sm1432477a91.41 - gsmtp

hello: 250-smtp.gmail.com at your service, [103.17.175.67]
250-SIZE 26624000
250-8BITMIME
250-ENHANCEDSTATUSCODES
250-PIPELINING
250 SMTPUTF8

starttls: 503 TLS not available

The following SMTP error was encountered: 503 TLS not available

ERROR - 2025-05-07 09:30:29 --> Error connecting to the database: mysqli_sql_exception: Unknown database 'dashboard' in C:\xampp\htdocs\itsupportpln\system\Database\MySQLi\Connection.php:201
Stack trace:
#0 C:\xampp\htdocs\itsupportpln\system\Database\MySQLi\Connection.php(201): mysqli->real_connect('localhost', 'root', Object(SensitiveParameterValue), 'dashboard', 3306, '', 0)
#1 C:\xampp\htdocs\itsupportpln\system\Database\BaseConnection.php(421): CodeIgniter\Database\MySQLi\Connection->connect(false)
#2 C:\xampp\htdocs\itsupportpln\system\Database\BaseConnection.php(620): CodeIgniter\Database\BaseConnection->initialize()
#3 C:\xampp\htdocs\itsupportpln\system\Database\BaseBuilder.php(1649): CodeIgniter\Database\BaseConnection->query('SELECT *\nFROM `...', Array, false)
#4 C:\xampp\htdocs\itsupportpln\system\Model.php(330): CodeIgniter\Database\BaseBuilder->get()
#5 C:\xampp\htdocs\itsupportpln\system\BaseModel.php(713): CodeIgniter\Model->doFirst()
#6 C:\xampp\htdocs\itsupportpln\app\Controllers\Auth.php(29): CodeIgniter\BaseModel->first()
#7 C:\xampp\htdocs\itsupportpln\system\CodeIgniter.php(933): App\Controllers\Auth->login()
#8 C:\xampp\htdocs\itsupportpln\system\CodeIgniter.php(507): CodeIgniter\CodeIgniter->runController(Object(App\Controllers\Auth))
#9 C:\xampp\htdocs\itsupportpln\system\CodeIgniter.php(354): CodeIgniter\CodeIgniter->handleRequest(NULL, Object(Config\Cache), false)
#10 C:\xampp\htdocs\itsupportpln\system\Boot.php(334): CodeIgniter\CodeIgniter->run()
#11 C:\xampp\htdocs\itsupportpln\system\Boot.php(67): CodeIgniter\Boot::runCodeIgniter(Object(CodeIgniter\CodeIgniter))
#12 C:\xampp\htdocs\itsupportpln\public\index.php(56): CodeIgniter\Boot::bootWeb(Object(Config\Paths))
#13 {main}

Next CodeIgniter\Database\Exceptions\DatabaseException: Unknown database 'dashboard' in C:\xampp\htdocs\itsupportpln\system\Database\MySQLi\Connection.php:246
Stack trace:
#0 C:\xampp\htdocs\itsupportpln\system\Database\BaseConnection.php(421): CodeIgniter\Database\MySQLi\Connection->connect(false)
#1 C:\xampp\htdocs\itsupportpln\system\Database\BaseConnection.php(620): CodeIgniter\Database\BaseConnection->initialize()
#2 C:\xampp\htdocs\itsupportpln\system\Database\BaseBuilder.php(1649): CodeIgniter\Database\BaseConnection->query('SELECT *\nFROM `...', Array, false)
#3 C:\xampp\htdocs\itsupportpln\system\Model.php(330): CodeIgniter\Database\BaseBuilder->get()
#4 C:\xampp\htdocs\itsupportpln\system\BaseModel.php(713): CodeIgniter\Model->doFirst()
#5 C:\xampp\htdocs\itsupportpln\app\Controllers\Auth.php(29): CodeIgniter\BaseModel->first()
#6 C:\xampp\htdocs\itsupportpln\system\CodeIgniter.php(933): App\Controllers\Auth->login()
#7 C:\xampp\htdocs\itsupportpln\system\CodeIgniter.php(507): CodeIgniter\CodeIgniter->runController(Object(App\Controllers\Auth))
#8 C:\xampp\htdocs\itsupportpln\system\CodeIgniter.php(354): CodeIgniter\CodeIgniter->handleRequest(NULL, Object(Config\Cache), false)
#9 C:\xampp\htdocs\itsupportpln\system\Boot.php(334): CodeIgniter\CodeIgniter->run()
#10 C:\xampp\htdocs\itsupportpln\system\Boot.php(67): CodeIgniter\Boot::runCodeIgniter(Object(CodeIgniter\CodeIgniter))
#11 C:\xampp\htdocs\itsupportpln\public\index.php(56): CodeIgniter\Boot::bootWeb(Object(Config\Paths))
#12 {main}
CRITICAL - 2025-05-07 09:30:29 --> CodeIgniter\Database\Exceptions\DatabaseException: Unable to connect to the database.
Main connection [MySQLi]: Unknown database 'dashboard'
[Method: POST, Route: auth/login]
in SYSTEMPATH\Database\BaseConnection.php on line 467.
 1 SYSTEMPATH\Database\BaseConnection.php(620): CodeIgniter\Database\BaseConnection->initialize()
 2 SYSTEMPATH\Database\BaseBuilder.php(1649): CodeIgniter\Database\BaseConnection->query('SELECT *
FROM `tb_dashboard`
WHERE `Username` = :Username:
AND `tb_dashboard`.`deleted_at` IS NULL
 LIMIT 1', [...], false)
 3 SYSTEMPATH\Model.php(330): CodeIgniter\Database\BaseBuilder->get()
 4 SYSTEMPATH\BaseModel.php(713): CodeIgniter\Model->doFirst()
 5 APPPATH\Controllers\Auth.php(29): CodeIgniter\BaseModel->first()
 6 SYSTEMPATH\CodeIgniter.php(933): App\Controllers\Auth->login()
 7 SYSTEMPATH\CodeIgniter.php(507): CodeIgniter\CodeIgniter->runController(Object(App\Controllers\Auth))
 8 SYSTEMPATH\CodeIgniter.php(354): CodeIgniter\CodeIgniter->handleRequest(null, Object(Config\Cache), false)
 9 SYSTEMPATH\Boot.php(334): CodeIgniter\CodeIgniter->run()
10 SYSTEMPATH\Boot.php(67): CodeIgniter\Boot::runCodeIgniter(Object(CodeIgniter\CodeIgniter))
11 FCPATH\index.php(56): CodeIgniter\Boot::bootWeb(Object(Config\Paths))
